<?xml version="1.0" encoding="UTF-8"?>
<!-- Generated by org.testng.reporters.JUnitXMLReporter -->
<testsuite ignored="0" hostname="DESKTOP-HB9OCR4" failures="0" tests="3" name="Default test" time="11.656" errors="0" timestamp="2020-12-21T21:26:52 IST">
  <testcase classname="com.w2a.testcases.AddCustomerPageTest" name="validateAddCustPageTest" time="0.206"/>
  <testcase classname="com.w2a.testcases.AddCustomerPageTest" name="validateCustomerAddedTest" time="0.616"/>
  <testcase classname="com.w2a.testcases.AddCustomerPageTest" name="validateCustomerAddedTest" time="0.381"/>
</testsuite> <!-- Default test -->
