<?xml version="1.0" encoding="UTF-8"?>
<!-- Generated by org.testng.reporters.JUnitXMLReporter -->
<testsuite ignored="0" hostname="DESKTOP-HB9OCR4" failures="0" tests="3" name="Add Customer Test" time="10.161" errors="0" timestamp="2020-12-21T21:00:25 IST">
  <testcase classname="com.w2a.testcases.AddCustomerPageTest" name="validateAddCustPageTest" time="0.139"/>
  <testcase classname="com.w2a.testcases.AddCustomerPageTest" name="validateCustomerAddedTest" time="0.567"/>
  <testcase classname="com.w2a.testcases.AddCustomerPageTest" name="validateCustomerAddedTest" time="0.416"/>
</testsuite> <!-- Add Customer Test -->
